<?xml version="1.0" encoding="UTF-8"?>
<!-- Generated by org.testng.reporters.JUnitReportReporter -->
<testsuite skipped="0" hostname="DESKTOP-SPK9PT8" name="Stepdefinations.TestRunner" tests="1" failures="0" timestamp="2021-03-26T13:13:23 BDT" time="115.566" errors="0">
  <testcase name="runScenario" time="115.566" classname="Stepdefinations.TestRunner"/>
  <system-out/>
</testsuite> <!-- Stepdefinations.TestRunner -->
