<?xml version="1.0" encoding="UTF-8"?>
<!-- Generated by org.testng.reporters.JUnitReportReporter -->
<testsuite skipped="0" hostname="MahedihasanHp" name="Stepdefinations.TestRunner" tests="1" failures="0" timestamp="2021-03-29T18:15:05 BDT" time="117.629" errors="0">
  <testcase name="runScenario" time="117.629" classname="Stepdefinations.TestRunner"/>
  <system-out/>
</testsuite> <!-- Stepdefinations.TestRunner -->
